<?xml version="1.0" encoding="UTF-8"?>
<!-- Generated by org.testng.reporters.JUnitReportReporter -->
<testsuite hostname="DESKTOP-43SHR2D" failures="0" tests="2" name="Selenium_ecomm.Browser_Launch" time="19.875" errors="0" timestamp="2023-12-17T14:39:58 EST" skipped="0">
  <testcase classname="Selenium_ecomm.Browser_Launch" name="login" time="10.783"/>
  <testcase classname="Selenium_ecomm.Browser_Launch" name="login" time="9.092"/>
</testsuite> <!-- Selenium_ecomm.Browser_Launch -->
