<?xml version="1.0" encoding="UTF-8"?>
<!-- Generated by org.testng.reporters.JUnitReportReporter -->
<testsuite hostname="DESKTOP-43SHR2D" failures="0" tests="2" name="Selenium_ecomm.Browser_Launch" time="20.443" errors="0" timestamp="2023-12-17T02:04:45 EST" skipped="0">
  <testcase classname="Selenium_ecomm.Browser_Launch" name="verifyData1" time="11.665"/>
  <testcase classname="Selenium_ecomm.Browser_Launch" name="verifyData1" time="8.778"/>
</testsuite> <!-- Selenium_ecomm.Browser_Launch -->
